# JRE version: Java(TM) SE Runtime Environment (8.0_311-b11) (build 1.8.0_311-b11)
# Java VM: Java HotSpot(TM) 64-Bit Server VM (25.311-b11 mixed mode windows-amd64 compressed oops)
Heap:
 PSYoungGen      total 149504K, used 39056K [0x00000000d5d80000, 0x00000000e0400000, 0x0000000100000000)
  eden space 133120K, 17% used [0x00000000d5d80000,0x00000000d73a5410,0x00000000ddf80000)
  from space 16384K, 99% used [0x00000000df400000,0x00000000e03fee98,0x00000000e0400000)
  to   space 5120K, 0% used [0x00000000ddf80000,0x00000000ddf80000,0x00000000de480000)
 ParOldGen       total 125440K, used 39120K [0x0000000081800000, 0x0000000089280000, 0x00000000d5d80000)
  object space 125440K, 31% used [0x0000000081800000,0x0000000083e34098,0x0000000089280000)
 Metaspace       used 44300K, capacity 44998K, committed 45312K, reserved 1089536K
  class space    used 5346K, capacity 5518K, committed 5632K, reserved 1048576K
GC Heap History (10 events):
Event: 5.920 GC heap before
{Heap before GC invocations=4 (full 1):
 PSYoungGen      total 71680K, used 5088K [0x00000000d5d80000, 0x00000000de980000, 0x0000000100000000)
  eden space 66560K, 0% used [0x00000000d5d80000,0x00000000d5d80000,0x00000000d9e80000)
  from space 5120K, 99% used [0x00000000d9e80000,0x00000000da3780d8,0x00000000da380000)
  to   space 5120K, 0% used [0x00000000de480000,0x00000000de480000,0x00000000de980000)
 ParOldGen       total 87552K, used 11517K [0x0000000081800000, 0x0000000086d80000, 0x00000000d5d80000)
  object space 87552K, 13% used [0x0000000081800000,0x000000008233f6e0,0x0000000086d80000)
 Metaspace       used 20781K, capacity 21136K, committed 21296K, reserved 1069056K
  class space    used 2477K, capacity 2592K, committed 2688K, reserved 1048576K
Event: 5.995 GC heap after
Heap after GC invocations=4 (full 1):
 PSYoungGen      total 71680K, used 0K [0x00000000d5d80000, 0x00000000de980000, 0x0000000100000000)
  eden space 66560K, 0% used [0x00000000d5d80000,0x00000000d5d80000,0x00000000d9e80000)
  from space 5120K, 0% used [0x00000000d9e80000,0x00000000d9e80000,0x00000000da380000)
  to   space 5120K, 0% used [0x00000000de480000,0x00000000de480000,0x00000000de980000)
 ParOldGen       total 66048K, used 9217K [0x0000000081800000, 0x0000000085880000, 0x00000000d5d80000)
  object space 66048K, 13% used [0x0000000081800000,0x0000000082100670,0x0000000085880000)
 Metaspace       used 20781K, capacity 21136K, committed 21296K, reserved 1069056K
  class space    used 2477K, capacity 2592K, committed 2688K, reserved 1048576K
}
Event: 10.009 GC heap before
{Heap before GC invocations=5 (full 1):
 PSYoungGen      total 71680K, used 66560K [0x00000000d5d80000, 0x00000000de980000, 0x0000000100000000)
  eden space 66560K, 100% used [0x00000000d5d80000,0x00000000d9e80000,0x00000000d9e80000)
  from space 5120K, 0% used [0x00000000d9e80000,0x00000000d9e80000,0x00000000da380000)
  to   space 5120K, 0% used [0x00000000de480000,0x00000000de480000,0x00000000de980000)
 ParOldGen       total 66048K, used 9217K [0x0000000081800000, 0x0000000085880000, 0x00000000d5d80000)
  object space 66048K, 13% used [0x0000000081800000,0x0000000082100670,0x0000000085880000)
 Metaspace       used 29715K, capacity 30150K, committed 30464K, reserved 1075200K
  class space    used 3617K, capacity 3754K, committed 3840K, reserved 1048576K
Event: 10.030 GC heap after
Heap after GC invocations=5 (full 1):
 PSYoungGen      total 100352K, used 5094K [0x00000000d5d80000, 0x00000000de980000, 0x0000000100000000)
  eden space 95232K, 0% used [0x00000000d5d80000,0x00000000d5d80000,0x00000000dba80000)
  from space 5120K, 99% used [0x00000000de480000,0x00000000de979880,0x00000000de980000)
  to   space 5120K, 0% used [0x00000000ddf80000,0x00000000ddf80000,0x00000000de480000)
 ParOldGen       total 66048K, used 20679K [0x0000000081800000, 0x0000000085880000, 0x00000000d5d80000)
  object space 66048K, 31% used [0x0000000081800000,0x0000000082c31ce8,0x0000000085880000)
 Metaspace       used 29715K, capacity 30150K, committed 30464K, reserved 1075200K
  class space    used 3617K, capacity 3754K, committed 3840K, reserved 1048576K
}
Event: 11.982 GC heap before
{Heap before GC invocations=6 (full 1):
 PSYoungGen      total 100352K, used 33011K [0x00000000d5d80000, 0x00000000de980000, 0x0000000100000000)
  eden space 95232K, 29% used [0x00000000d5d80000,0x00000000d78c36f0,0x00000000dba80000)
  from space 5120K, 99% used [0x00000000de480000,0x00000000de979880,0x00000000de980000)
  to   space 5120K, 0% used [0x00000000ddf80000,0x00000000ddf80000,0x00000000de480000)
 ParOldGen       total 66048K, used 20679K [0x0000000081800000, 0x0000000085880000, 0x00000000d5d80000)
  object space 66048K, 31% used [0x0000000081800000,0x0000000082c31ce8,0x0000000085880000)
 Metaspace       used 34826K, capacity 35266K, committed 35496K, reserved 1081344K
  class space    used 4437K, capacity 4572K, committed 4608K, reserved 1048576K
Event: 12.005 GC heap after
Heap after GC invocations=6 (full 1):
 PSYoungGen      total 138240K, used 5094K [0x00000000d5d80000, 0x00000000e0400000, 0x0000000100000000)
  eden space 133120K, 0% used [0x00000000d5d80000,0x00000000d5d80000,0x00000000ddf80000)
  from space 5120K, 99% used [0x00000000ddf80000,0x00000000de479870,0x00000000de480000)
  to   space 16384K, 0% used [0x00000000df400000,0x00000000df400000,0x00000000e0400000)
 ParOldGen       total 66048K, used 28076K [0x0000000081800000, 0x0000000085880000, 0x00000000d5d80000)
  object space 66048K, 42% used [0x0000000081800000,0x000000008336b198,0x0000000085880000)
 Metaspace       used 34826K, capacity 35266K, committed 35496K, reserved 1081344K
  class space    used 4437K, capacity 4572K, committed 4608K, reserved 1048576K
}
Event: 12.005 GC heap before
{Heap before GC invocations=7 (full 2):
 PSYoungGen      total 138240K, used 5094K [0x00000000d5d80000, 0x00000000e0400000, 0x0000000100000000)
  eden space 133120K, 0% used [0x00000000d5d80000,0x00000000d5d80000,0x00000000ddf80000)
  from space 5120K, 99% used [0x00000000ddf80000,0x00000000de479870,0x00000000de480000)
  to   space 16384K, 0% used [0x00000000df400000,0x00000000df400000,0x00000000e0400000)
 ParOldGen       total 66048K, used 28076K [0x0000000081800000, 0x0000000085880000, 0x00000000d5d80000)
  object space 66048K, 42% used [0x0000000081800000,0x000000008336b198,0x0000000085880000)
 Metaspace       used 34826K, capacity 35266K, committed 35496K, reserved 1081344K
  class space    used 4437K, capacity 4572K, committed 4608K, reserved 1048576K
Event: 12.159 GC heap after
Heap after GC invocations=7 (full 2):
 PSYoungGen      total 138240K, used 0K [0x00000000d5d80000, 0x00000000e0400000, 0x0000000100000000)
  eden space 133120K, 0% used [0x00000000d5d80000,0x00000000d5d80000,0x00000000ddf80000)
  from space 5120K, 0% used [0x00000000ddf80000,0x00000000ddf80000,0x00000000de480000)
  to   space 16384K, 0% used [0x00000000df400000,0x00000000df400000,0x00000000e0400000)
 ParOldGen       total 125440K, used 28863K [0x0000000081800000, 0x0000000089280000, 0x00000000d5d80000)
  object space 125440K, 23% used [0x0000000081800000,0x000000008342fe50,0x0000000089280000)
 Metaspace       used 34826K, capacity 35266K, committed 35496K, reserved 1081344K
  class space    used 4437K, capacity 4572K, committed 4608K, reserved 1048576K
}
Event: 21.224 GC heap before
{Heap before GC invocations=8 (full 2):
 PSYoungGen      total 138240K, used 133120K [0x00000000d5d80000, 0x00000000e0400000, 0x0000000100000000)
  eden space 133120K, 100% used [0x00000000d5d80000,0x00000000ddf80000,0x00000000ddf80000)
  from space 5120K, 0% used [0x00000000ddf80000,0x00000000ddf80000,0x00000000de480000)
  to   space 16384K, 0% used [0x00000000df400000,0x00000000df400000,0x00000000e0400000)
 ParOldGen       total 125440K, used 28863K [0x0000000081800000, 0x0000000089280000, 0x00000000d5d80000)
  object space 125440K, 23% used [0x0000000081800000,0x000000008342fe50,0x0000000089280000)
 Metaspace       used 44224K, capacity 44934K, committed 45312K, reserved 1089536K
  class space    used 5341K, capacity 5518K, committed 5632K, reserved 1048576K
Event: 21.404 GC heap after
Heap after GC invocations=8 (full 2):
 PSYoungGen      total 149504K, used 16379K [0x00000000d5d80000, 0x00000000e0400000, 0x0000000100000000)
  eden space 133120K, 0% used [0x00000000d5d80000,0x00000000d5d80000,0x00000000ddf80000)
  from space 16384K, 99% used [0x00000000df400000,0x00000000e03fee98,0x00000000e0400000)
  to   space 5120K, 0% used [0x00000000ddf80000,0x00000000ddf80000,0x00000000de480000)
 ParOldGen       total 125440K, used 39120K [0x0000000081800000, 0x0000000089280000, 0x00000000d5d80000)
  object space 125440K, 31% used [0x0000000081800000,0x0000000083e34098,0x0000000089280000)
 Metaspace       used 44224K, capacity 44934K, committed 45312K, reserved 1089536K
  class space    used 5341K, capacity 5518K, committed 5632K, reserved 1048576K
}

