# JRE version: Java(TM) SE Runtime Environment (8.0_311-b11) (build 1.8.0_311-b11)
# Java VM: Java HotSpot(TM) 64-Bit Server VM (25.311-b11 mixed mode windows-amd64 compressed oops)
Heap:
 PSYoungGen      total 116224K, used 29213K [0x00000000d5d80000, 0x00000000e0a80000, 0x0000000100000000)
  eden space 90624K, 4% used [0x00000000d5d80000,0x00000000d610abf0,0x00000000db600000)
  from space 25600K, 99% used [0x00000000db600000,0x00000000dcefcbb0,0x00000000dcf00000)
  to   space 30720K, 0% used [0x00000000dec80000,0x00000000dec80000,0x00000000e0a80000)
 ParOldGen       total 131072K, used 38966K [0x0000000081800000, 0x0000000089800000, 0x00000000d5d80000)
  object space 131072K, 29% used [0x0000000081800000,0x0000000083e0d820,0x0000000089800000)
 Metaspace       used 50284K, capacity 51234K, committed 51584K, reserved 1095680K
  class space    used 5922K, capacity 6145K, committed 6272K, reserved 1048576K
GC Heap History (10 events):
Event: 19.453 GC heap before
{Heap before GC invocations=7 (full 1):
 PSYoungGen      total 69632K, used 17978K [0x00000000d5d80000, 0x00000000dcb80000, 0x0000000100000000)
  eden space 64512K, 19% used [0x00000000d5d80000,0x00000000d6a13530,0x00000000d9c80000)
  from space 5120K, 99% used [0x00000000d9e80000,0x00000000da37b2f0,0x00000000da380000)
  to   space 24064K, 0% used [0x00000000db400000,0x00000000db400000,0x00000000dcb80000)
 ParOldGen       total 91136K, used 36065K [0x0000000081800000, 0x0000000087100000, 0x00000000d5d80000)
  object space 91136K, 39% used [0x0000000081800000,0x0000000083b38408,0x0000000087100000)
 Metaspace       used 34589K, capacity 35102K, committed 35416K, reserved 1081344K
  class space    used 4393K, capacity 4566K, committed 4608K, reserved 1048576K
Event: 19.488 GC heap after
Heap after GC invocations=7 (full 1):
 PSYoungGen      total 89088K, used 8127K [0x00000000d5d80000, 0x00000000de480000, 0x0000000100000000)
  eden space 65024K, 0% used [0x00000000d5d80000,0x00000000d5d80000,0x00000000d9d00000)
  from space 24064K, 33% used [0x00000000db400000,0x00000000dbbeff78,0x00000000dcb80000)
  to   space 23552K, 0% used [0x00000000d9d00000,0x00000000d9d00000,0x00000000db400000)
 ParOldGen       total 91136K, used 36065K [0x0000000081800000, 0x0000000087100000, 0x00000000d5d80000)
  object space 91136K, 39% used [0x0000000081800000,0x0000000083b38408,0x0000000087100000)
 Metaspace       used 34589K, capacity 35102K, committed 35416K, reserved 1081344K
  class space    used 4393K, capacity 4566K, committed 4608K, reserved 1048576K
}
Event: 19.488 GC heap before
{Heap before GC invocations=8 (full 2):
 PSYoungGen      total 89088K, used 8127K [0x00000000d5d80000, 0x00000000de480000, 0x0000000100000000)
  eden space 65024K, 0% used [0x00000000d5d80000,0x00000000d5d80000,0x00000000d9d00000)
  from space 24064K, 33% used [0x00000000db400000,0x00000000dbbeff78,0x00000000dcb80000)
  to   space 23552K, 0% used [0x00000000d9d00000,0x00000000d9d00000,0x00000000db400000)
 ParOldGen       total 91136K, used 36065K [0x0000000081800000, 0x0000000087100000, 0x00000000d5d80000)
  object space 91136K, 39% used [0x0000000081800000,0x0000000083b38408,0x0000000087100000)
 Metaspace       used 34589K, capacity 35102K, committed 35416K, reserved 1081344K
  class space    used 4393K, capacity 4566K, committed 4608K, reserved 1048576K
Event: 19.690 GC heap after
Heap after GC invocations=8 (full 2):
 PSYoungGen      total 89088K, used 0K [0x00000000d5d80000, 0x00000000de480000, 0x0000000100000000)
  eden space 65024K, 0% used [0x00000000d5d80000,0x00000000d5d80000,0x00000000d9d00000)
  from space 24064K, 0% used [0x00000000db400000,0x00000000db400000,0x00000000dcb80000)
  to   space 23552K, 0% used [0x00000000d9d00000,0x00000000d9d00000,0x00000000db400000)
 ParOldGen       total 131072K, used 34283K [0x0000000081800000, 0x0000000089800000, 0x00000000d5d80000)
  object space 131072K, 26% used [0x0000000081800000,0x000000008397ad60,0x0000000089800000)
 Metaspace       used 34589K, capacity 35102K, committed 35416K, reserved 1081344K
  class space    used 4393K, capacity 4566K, committed 4608K, reserved 1048576K
}
Event: 25.809 GC heap before
{Heap before GC invocations=9 (full 2):
 PSYoungGen      total 89088K, used 65024K [0x00000000d5d80000, 0x00000000de480000, 0x0000000100000000)
  eden space 65024K, 100% used [0x00000000d5d80000,0x00000000d9d00000,0x00000000d9d00000)
  from space 24064K, 0% used [0x00000000db400000,0x00000000db400000,0x00000000dcb80000)
  to   space 23552K, 0% used [0x00000000d9d00000,0x00000000d9d00000,0x00000000db400000)
 ParOldGen       total 131072K, used 34283K [0x0000000081800000, 0x0000000089800000, 0x00000000d5d80000)
  object space 131072K, 26% used [0x0000000081800000,0x000000008397ad60,0x0000000089800000)
 Metaspace       used 44163K, capacity 44950K, committed 45440K, reserved 1089536K
  class space    used 5449K, capacity 5639K, committed 5760K, reserved 1048576K
Event: 25.826 GC heap after
Heap after GC invocations=9 (full 2):
 PSYoungGen      total 88576K, used 17123K [0x00000000d5d80000, 0x00000000de700000, 0x0000000100000000)
  eden space 65024K, 0% used [0x00000000d5d80000,0x00000000d5d80000,0x00000000d9d00000)
  from space 23552K, 72% used [0x00000000d9d00000,0x00000000dadb8cd8,0x00000000db400000)
  to   space 24576K, 0% used [0x00000000dcf00000,0x00000000dcf00000,0x00000000de700000)
 ParOldGen       total 131072K, used 34291K [0x0000000081800000, 0x0000000089800000, 0x00000000d5d80000)
  object space 131072K, 26% used [0x0000000081800000,0x000000008397cd60,0x0000000089800000)
 Metaspace       used 44163K, capacity 44950K, committed 45440K, reserved 1089536K
  class space    used 5449K, capacity 5639K, committed 5760K, reserved 1048576K
}
Event: 30.153 GC heap before
{Heap before GC invocations=10 (full 2):
 PSYoungGen      total 88576K, used 82147K [0x00000000d5d80000, 0x00000000de700000, 0x0000000100000000)
  eden space 65024K, 100% used [0x00000000d5d80000,0x00000000d9d00000,0x00000000d9d00000)
  from space 23552K, 72% used [0x00000000d9d00000,0x00000000dadb8cd8,0x00000000db400000)
  to   space 24576K, 0% used [0x00000000dcf00000,0x00000000dcf00000,0x00000000de700000)
 ParOldGen       total 131072K, used 34291K [0x0000000081800000, 0x0000000089800000, 0x00000000d5d80000)
  object space 131072K, 26% used [0x0000000081800000,0x000000008397cd60,0x0000000089800000)
 Metaspace       used 46840K, capacity 47698K, committed 48000K, reserved 1091584K
  class space    used 5689K, capacity 5919K, committed 6016K, reserved 1048576K
Event: 30.416 GC heap after
Heap after GC invocations=10 (full 2):
 PSYoungGen      total 115200K, used 18235K [0x00000000d5d80000, 0x00000000def80000, 0x0000000100000000)
  eden space 90624K, 0% used [0x00000000d5d80000,0x00000000d5d80000,0x00000000db600000)
  from space 24576K, 74% used [0x00000000dcf00000,0x00000000de0cecc0,0x00000000de700000)
  to   space 25600K, 0% used [0x00000000db600000,0x00000000db600000,0x00000000dcf00000)
 ParOldGen       total 131072K, used 34299K [0x0000000081800000, 0x0000000089800000, 0x00000000d5d80000)
  object space 131072K, 26% used [0x0000000081800000,0x000000008397ed60,0x0000000089800000)
 Metaspace       used 46840K, capacity 47698K, committed 48000K, reserved 1091584K
  class space    used 5689K, capacity 5919K, committed 6016K, reserved 1048576K
}
Event: 39.997 GC heap before
{Heap before GC invocations=11 (full 2):
 PSYoungGen      total 115200K, used 108859K [0x00000000d5d80000, 0x00000000def80000, 0x0000000100000000)
  eden space 90624K, 100% used [0x00000000d5d80000,0x00000000db600000,0x00000000db600000)
  from space 24576K, 74% used [0x00000000dcf00000,0x00000000de0cecc0,0x00000000de700000)
  to   space 25600K, 0% used [0x00000000db600000,0x00000000db600000,0x00000000dcf00000)
 ParOldGen       total 131072K, used 34299K [0x0000000081800000, 0x0000000089800000, 0x00000000d5d80000)
  object space 131072K, 26% used [0x0000000081800000,0x000000008397ed60,0x0000000089800000)
 Metaspace       used 50115K, capacity 51042K, committed 51328K, reserved 1093632K
  class space    used 5921K, capacity 6145K, committed 6272K, reserved 1048576K
Event: 40.036 GC heap after
Heap after GC invocations=11 (full 2):
 PSYoungGen      total 116224K, used 25586K [0x00000000d5d80000, 0x00000000e0a80000, 0x0000000100000000)
  eden space 90624K, 0% used [0x00000000d5d80000,0x00000000d5d80000,0x00000000db600000)
  from space 25600K, 99% used [0x00000000db600000,0x00000000dcefcbb0,0x00000000dcf00000)
  to   space 30720K, 0% used [0x00000000dec80000,0x00000000dec80000,0x00000000e0a80000)
 ParOldGen       total 131072K, used 38966K [0x0000000081800000, 0x0000000089800000, 0x00000000d5d80000)
  object space 131072K, 29% used [0x0000000081800000,0x0000000083e0d820,0x0000000089800000)
 Metaspace       used 50115K, capacity 51042K, committed 51328K, reserved 1093632K
  class space    used 5921K, capacity 6145K, committed 6272K, reserved 1048576K
}

