# JRE version: Java(TM) SE Runtime Environment (8.0_311-b11) (build 1.8.0_311-b11)
# Java VM: Java HotSpot(TM) 64-Bit Server VM (25.311-b11 mixed mode windows-amd64 compressed oops)
Heap:
 PSYoungGen      total 138752K, used 122502K [0x00000000d5d80000, 0x00000000e0780000, 0x0000000100000000)
  eden space 118784K, 86% used [0x00000000d5d80000,0x00000000dc1a8150,0x00000000dd180000)
  from space 19968K, 99% used [0x00000000dea00000,0x00000000dfd79970,0x00000000dfd80000)
  to   space 25088K, 0% used [0x00000000dd180000,0x00000000dd180000,0x00000000dea00000)
 ParOldGen       total 106496K, used 31978K [0x0000000081800000, 0x0000000088000000, 0x00000000d5d80000)
  object space 106496K, 30% used [0x0000000081800000,0x000000008373a928,0x0000000088000000)
 Metaspace       used 48677K, capacity 49484K, committed 49536K, reserved 1093632K
  class space    used 5824K, capacity 6011K, committed 6016K, reserved 1048576K
GC Heap History (10 events):
Event: 18.872 GC heap before
{Heap before GC invocations=6 (full 1):
 PSYoungGen      total 58368K, used 58351K [0x00000000d5d80000, 0x00000000da880000, 0x0000000100000000)
  eden space 53248K, 100% used [0x00000000d5d80000,0x00000000d9180000,0x00000000d9180000)
  from space 5120K, 99% used [0x00000000da380000,0x00000000da87bdd8,0x00000000da880000)
  to   space 5120K, 0% used [0x00000000d9e80000,0x00000000d9e80000,0x00000000da380000)
 ParOldGen       total 62464K, used 11217K [0x0000000081800000, 0x0000000085500000, 0x00000000d5d80000)
  object space 62464K, 17% used [0x0000000081800000,0x00000000822f4568,0x0000000085500000)
 Metaspace       used 34095K, capacity 34562K, committed 34816K, reserved 1079296K
  class space    used 4399K, capacity 4536K, committed 4608K, reserved 1048576K
Event: 18.921 GC heap after
Heap after GC invocations=6 (full 1):
 PSYoungGen      total 71680K, used 5103K [0x00000000d5d80000, 0x00000000dd100000, 0x0000000100000000)
  eden space 66560K, 0% used [0x00000000d5d80000,0x00000000d5d80000,0x00000000d9e80000)
  from space 5120K, 99% used [0x00000000d9e80000,0x00000000da37bd30,0x00000000da380000)
  to   space 17920K, 0% used [0x00000000dbf80000,0x00000000dbf80000,0x00000000dd100000)
 ParOldGen       total 62464K, used 25457K [0x0000000081800000, 0x0000000085500000, 0x00000000d5d80000)
  object space 62464K, 40% used [0x0000000081800000,0x00000000830dc5c8,0x0000000085500000)
 Metaspace       used 34095K, capacity 34562K, committed 34816K, reserved 1079296K
  class space    used 4399K, capacity 4536K, committed 4608K, reserved 1048576K
}
Event: 19.506 GC heap before
{Heap before GC invocations=7 (full 1):
 PSYoungGen      total 71680K, used 12499K [0x00000000d5d80000, 0x00000000dd100000, 0x0000000100000000)
  eden space 66560K, 11% used [0x00000000d5d80000,0x00000000d64b9148,0x00000000d9e80000)
  from space 5120K, 99% used [0x00000000d9e80000,0x00000000da37bd30,0x00000000da380000)
  to   space 17920K, 0% used [0x00000000dbf80000,0x00000000dbf80000,0x00000000dd100000)
 ParOldGen       total 62464K, used 25457K [0x0000000081800000, 0x0000000085500000, 0x00000000d5d80000)
  object space 62464K, 40% used [0x0000000081800000,0x00000000830dc5c8,0x0000000085500000)
 Metaspace       used 34807K, capacity 35266K, committed 35496K, reserved 1081344K
  class space    used 4437K, capacity 4572K, committed 4608K, reserved 1048576K
Event: 19.527 GC heap after
Heap after GC invocations=7 (full 1):
 PSYoungGen      total 100352K, used 6865K [0x00000000d5d80000, 0x00000000de600000, 0x0000000100000000)
  eden space 82432K, 0% used [0x00000000d5d80000,0x00000000d5d80000,0x00000000dae00000)
  from space 17920K, 38% used [0x00000000dbf80000,0x00000000dc6347d8,0x00000000dd100000)
  to   space 17920K, 0% used [0x00000000dae00000,0x00000000dae00000,0x00000000dbf80000)
 ParOldGen       total 62464K, used 25457K [0x0000000081800000, 0x0000000085500000, 0x00000000d5d80000)
  object space 62464K, 40% used [0x0000000081800000,0x00000000830dc5c8,0x0000000085500000)
 Metaspace       used 34807K, capacity 35266K, committed 35496K, reserved 1081344K
  class space    used 4437K, capacity 4572K, committed 4608K, reserved 1048576K
}
Event: 19.527 GC heap before
{Heap before GC invocations=8 (full 2):
 PSYoungGen      total 100352K, used 6865K [0x00000000d5d80000, 0x00000000de600000, 0x0000000100000000)
  eden space 82432K, 0% used [0x00000000d5d80000,0x00000000d5d80000,0x00000000dae00000)
  from space 17920K, 38% used [0x00000000dbf80000,0x00000000dc6347d8,0x00000000dd100000)
  to   space 17920K, 0% used [0x00000000dae00000,0x00000000dae00000,0x00000000dbf80000)
 ParOldGen       total 62464K, used 25457K [0x0000000081800000, 0x0000000085500000, 0x00000000d5d80000)
  object space 62464K, 40% used [0x0000000081800000,0x00000000830dc5c8,0x0000000085500000)
 Metaspace       used 34807K, capacity 35266K, committed 35496K, reserved 1081344K
  class space    used 4437K, capacity 4572K, committed 4608K, reserved 1048576K
Event: 19.770 GC heap after
Heap after GC invocations=8 (full 2):
 PSYoungGen      total 100352K, used 0K [0x00000000d5d80000, 0x00000000de600000, 0x0000000100000000)
  eden space 82432K, 0% used [0x00000000d5d80000,0x00000000d5d80000,0x00000000dae00000)
  from space 17920K, 0% used [0x00000000dbf80000,0x00000000dbf80000,0x00000000dd100000)
  to   space 17920K, 0% used [0x00000000dae00000,0x00000000dae00000,0x00000000dbf80000)
 ParOldGen       total 106496K, used 26175K [0x0000000081800000, 0x0000000088000000, 0x00000000d5d80000)
  object space 106496K, 24% used [0x0000000081800000,0x000000008318ff48,0x0000000088000000)
 Metaspace       used 34807K, capacity 35266K, committed 35496K, reserved 1081344K
  class space    used 4437K, capacity 4572K, committed 4608K, reserved 1048576K
}
Event: 24.919 GC heap before
{Heap before GC invocations=9 (full 2):
 PSYoungGen      total 100352K, used 82432K [0x00000000d5d80000, 0x00000000de600000, 0x0000000100000000)
  eden space 82432K, 100% used [0x00000000d5d80000,0x00000000dae00000,0x00000000dae00000)
  from space 17920K, 0% used [0x00000000dbf80000,0x00000000dbf80000,0x00000000dd100000)
  to   space 17920K, 0% used [0x00000000dae00000,0x00000000dae00000,0x00000000dbf80000)
 ParOldGen       total 106496K, used 26175K [0x0000000081800000, 0x0000000088000000, 0x00000000d5d80000)
  object space 106496K, 24% used [0x0000000081800000,0x000000008318ff48,0x0000000088000000)
 Metaspace       used 40878K, capacity 41470K, committed 41728K, reserved 1085440K
  class space    used 5104K, capacity 5262K, committed 5376K, reserved 1048576K
Event: 24.940 GC heap after
Heap after GC invocations=9 (full 2):
 PSYoungGen      total 100352K, used 16207K [0x00000000d5d80000, 0x00000000dfd80000, 0x0000000100000000)
  eden space 82432K, 0% used [0x00000000d5d80000,0x00000000d5d80000,0x00000000dae00000)
  from space 17920K, 90% used [0x00000000dae00000,0x00000000dbdd3ca0,0x00000000dbf80000)
  to   space 19968K, 0% used [0x00000000dea00000,0x00000000dea00000,0x00000000dfd80000)
 ParOldGen       total 106496K, used 26183K [0x0000000081800000, 0x0000000088000000, 0x00000000d5d80000)
  object space 106496K, 24% used [0x0000000081800000,0x0000000083191f48,0x0000000088000000)
 Metaspace       used 40878K, capacity 41470K, committed 41728K, reserved 1085440K
  class space    used 5104K, capacity 5262K, committed 5376K, reserved 1048576K
}
Event: 31.659 GC heap before
{Heap before GC invocations=10 (full 2):
 PSYoungGen      total 100352K, used 98639K [0x00000000d5d80000, 0x00000000dfd80000, 0x0000000100000000)
  eden space 82432K, 100% used [0x00000000d5d80000,0x00000000dae00000,0x00000000dae00000)
  from space 17920K, 90% used [0x00000000dae00000,0x00000000dbdd3ca0,0x00000000dbf80000)
  to   space 19968K, 0% used [0x00000000dea00000,0x00000000dea00000,0x00000000dfd80000)
 ParOldGen       total 106496K, used 26183K [0x0000000081800000, 0x0000000088000000, 0x00000000d5d80000)
  object space 106496K, 24% used [0x0000000081800000,0x0000000083191f48,0x0000000088000000)
 Metaspace       used 44772K, capacity 45468K, committed 45824K, reserved 1089536K
  class space    used 5415K, capacity 5587K, committed 5632K, reserved 1048576K
Event: 31.816 GC heap after
Heap after GC invocations=10 (full 2):
 PSYoungGen      total 138752K, used 19942K [0x00000000d5d80000, 0x00000000e0780000, 0x0000000100000000)
  eden space 118784K, 0% used [0x00000000d5d80000,0x00000000d5d80000,0x00000000dd180000)
  from space 19968K, 99% used [0x00000000dea00000,0x00000000dfd79970,0x00000000dfd80000)
  to   space 25088K, 0% used [0x00000000dd180000,0x00000000dd180000,0x00000000dea00000)
 ParOldGen       total 106496K, used 31978K [0x0000000081800000, 0x0000000088000000, 0x00000000d5d80000)
  object space 106496K, 30% used [0x0000000081800000,0x000000008373a928,0x0000000088000000)
 Metaspace       used 44772K, capacity 45468K, committed 45824K, reserved 1089536K
  class space    used 5415K, capacity 5587K, committed 5632K, reserved 1048576K
}

